<?xml version="1.0" encoding="UTF-8"?>
<!-- Generated by org.testng.reporters.JUnitReportReporter -->
<testsuite hostname="DESKTOP-60IP7UE" failures="0" tests="1" name="tests.TaskTwo_firstScenario_SelectASeat_Then_Payment_Test" time="17.217" errors="0" timestamp="2023-01-14T19:25:53 EET" skipped="0">
  <testcase classname="tests.TaskTwo_firstScenario_SelectASeat_Then_Payment_Test" name="TaskTwo_firstScenario_SelectASeat_Then_Payment" time="17.217"/>
  <system-out/>
</testsuite> <!-- tests.TaskTwo_firstScenario_SelectASeat_Then_Payment_Test -->
